[q5@arch-webzfs-test ~]$ sudo pacman -S python-pip nodejs npm zfs
resolving dependencies...
looking for conflicting packages...

Package (18)               New Version  Net Change  Download Size

extra/c-ares               1.34.6-1       0.51 MiB       0.22 MiB
extra/dkms                 3.3.0-1        0.16 MiB       0.05 MiB
extra/libngtcp2            1.18.0-1       0.64 MiB       0.19 MiB
extra/node-gyp             12.1.0-1       8.73 MiB       1.25 MiB
extra/nodejs-nopt          7.2.1-1        0.03 MiB       0.01 MiB
extra/python-attrs         25.4.0-1       0.61 MiB       0.11 MiB
extra/python-cffi          2.0.0-1        1.36 MiB       0.28 MiB
extra/python-cryptography  46.0.3-1       5.49 MiB       1.29 MiB
extra/python-filelock      3.20.0-2       0.13 MiB       0.03 MiB
extra/python-pycparser     2.23-1         1.71 MiB       0.22 MiB
extra/python-wheel         0.45.1-1       0.28 MiB       0.07 MiB
extra/semver               7.7.3-1        0.09 MiB       0.03 MiB
extra/simdjson             1:4.2.2-1      6.28 MiB       0.27 MiB
endeavouros/zfs-utils      2.4.0-1        9.40 MiB       2.59 MiB
extra/nodejs               25.2.1-1      61.25 MiB      15.46 MiB
extra/npm                  11.6.4-1       7.14 MiB       1.37 MiB
extra/python-pip           25.3-1        14.55 MiB       2.55 MiB
endeavouros/zfs-dkms       2.4.0-1       18.76 MiB       2.50 MiB

Total Download Size:    28.50 MiB
Total Installed Size:  137.12 MiB

:: Proceed with installation? [Y/n] y
:: Retrieving packages...
 npm-11.6.4-1-any                                             1402.8 KiB  1078 KiB/s 00:01 [----------------------------------------------------] 100%
 python-pip-25.3-1-any                                           2.6 MiB  1482 KiB/s 00:02 [----------------------------------------------------] 100%
 python-cryptography-46.0.3-1-x86_64                          1324.8 KiB  3.28 MiB/s 00:00 [----------------------------------------------------] 100%
 python-cffi-2.0.0-1-x86_64                                    288.8 KiB  1816 KiB/s 00:00 [----------------------------------------------------] 100%
 node-gyp-12.1.0-1-any                                        1283.9 KiB  4.96 MiB/s 00:00 [----------------------------------------------------] 100%
 nodejs-25.2.1-1-x86_64                                         15.5 MiB  6.83 MiB/s 00:02 [----------------------------------------------------] 100%
 simdjson-1:4.2.2-1-x86_64                                     276.6 KiB  2.11 MiB/s 00:00 [----------------------------------------------------] 100%
 python-pycparser-2.23-1-any                                   228.6 KiB  1249 KiB/s 00:00 [----------------------------------------------------] 100%
 c-ares-1.34.6-1-x86_64                                        227.3 KiB  1722 KiB/s 00:00 [----------------------------------------------------] 100%
 libngtcp2-1.18.0-1-x86_64                                     191.9 KiB  1523 KiB/s 00:00 [----------------------------------------------------] 100%
 python-attrs-25.4.0-1-any                                     115.2 KiB   853 KiB/s 00:00 [----------------------------------------------------] 100%
 python-wheel-0.45.1-1-any                                      66.9 KiB   348 KiB/s 00:00 [----------------------------------------------------] 100%
 dkms-3.3.0-1-any                                               48.0 KiB   397 KiB/s 00:00 [----------------------------------------------------] 100%
 semver-7.7.3-1-any                                             29.5 KiB   233 KiB/s 00:00 [----------------------------------------------------] 100%
 python-filelock-3.20.0-2-any                                   28.5 KiB   128 KiB/s 00:00 [----------------------------------------------------] 100%
 nodejs-nopt-7.2.1-1-any                                        13.1 KiB  59.2 KiB/s 00:00 [----------------------------------------------------] 100%
 zfs-dkms-2.4.0-1-any                                            2.5 MiB   353 KiB/s 00:07 [----------------------------------------------------] 100%
 zfs-utils-2.4.0-1-x86_64                                        2.6 MiB   354 KiB/s 00:07 [----------------------------------------------------] 100%
 Total (18/18)                                                  28.5 MiB  3.68 MiB/s 00:08 [----------------------------------------------------] 100%
(18/18) checking keys in keyring                                                           [----------------------------------------------------] 100%
(18/18) checking package integrity                                                         [----------------------------------------------------] 100%
(18/18) loading package files                                                              [----------------------------------------------------] 100%
(18/18) checking for file conflicts                                                        [----------------------------------------------------] 100%
:: Processing package changes...
( 1/18) installing python-attrs                                                            [----------------------------------------------------] 100%
( 2/18) installing python-pycparser                                                        [----------------------------------------------------] 100%
( 3/18) installing python-cffi                                                             [----------------------------------------------------] 100%
Optional dependencies for python-cffi
    python-setuptools: "limited api" version checking in cffi.setuptools_ext
( 4/18) installing python-cryptography                                                     [----------------------------------------------------] 100%
( 5/18) installing python-filelock                                                         [----------------------------------------------------] 100%
( 6/18) installing python-wheel                                                            [----------------------------------------------------] 100%
Optional dependencies for python-wheel
    python-keyring: for wheel.signatures
    python-xdg: for wheel.signatures
    python-setuptools: for legacy bdist_wheel subcommand
( 7/18) installing python-pip                                                              [----------------------------------------------------] 100%
( 8/18) installing c-ares                                                                  [----------------------------------------------------] 100%
( 9/18) installing libngtcp2                                                               [----------------------------------------------------] 100%
(10/18) installing simdjson                                                                [----------------------------------------------------] 100%
(11/18) installing nodejs                                                                  [----------------------------------------------------] 100%
Optional dependencies for nodejs
    npm: nodejs package manager [pending]
(12/18) installing nodejs-nopt                                                             [----------------------------------------------------] 100%
(13/18) installing semver                                                                  [----------------------------------------------------] 100%
(14/18) installing node-gyp                                                                [----------------------------------------------------] 100%
Optional dependencies for node-gyp
    gcc: to build C++ modules [installed]
    make: to build C++ modules [installed]
    python: to build C++ modules [installed]
(15/18) installing npm                                                                     [----------------------------------------------------] 100%
Optional dependencies for npm
    git: for dependencies using Git URL's [installed]
(16/18) installing zfs-utils                                                               [----------------------------------------------------] 100%
Optional dependencies for zfs-utils
    python: for arcstat/arc_summary/dbufstat [installed]
(17/18) installing dkms                                                                    [----------------------------------------------------] 100%
Optional dependencies for dkms
    linux-headers: build modules against the Arch kernel [installed]
    linux-lts-headers: build modules against the LTS kernel
    linux-zen-headers: build modules against the ZEN kernel
    linux-hardened-headers: build modules against the HARDENED kernel
(18/18) installing zfs-dkms                                                                [----------------------------------------------------] 100%
:: Running post-transaction hooks...
(1/6) Reloading system manager configuration...
(2/6) Creating temporary files...
(3/6) Reloading device manager configuration...
(4/6) Arming ConditionNeedsUpdate...
(5/6) Install DKMS modules
==> dkms install --no-depmod zfs/2.4.0 -k 6.18.1-arch1-2
==> depmod 6.18.1-arch1-2
(6/6) Updating initramfs...
:: Building initramfs for linux (6.18.1-arch1-2)
:: Building fallback initramfs for linux (6.18.1-arch1-2)
[q5@arch-webzfs-test ~]$ yay -S sanoid
AUR Explicit (1): sanoid-2.3.0-2
AUR Dependency (1): perl-config-inifiles-3.000003-1
Sync Dependency (3): perl-capture-tiny-0.50-4, perl-io-stringy-2.113-2, perl-list-moreutils-0.430-8
Sync Make Dependency (1): perl-module-build-0.4234-6
:: PKGBUILD up to date, skipping download: sanoid
:: PKGBUILD up to date, skipping download: perl-config-inifiles
  2 sanoid                           (Build Files Exist)
  1 perl-config-inifiles             (Build Files Exist)
==> Packages to cleanBuild?
==> [N]one [A]ll [Ab]ort [I]nstalled [No]tInstalled or (1 2 3, 1-3, ^4)
==> a
:: Deleting (1/2): /home/q5/.cache/yay/sanoid
HEAD is now at 3b344eb Add busybox as optdepends for the --insecure-direct-connection option.
:: Deleting (2/2): /home/q5/.cache/yay/perl-config-inifiles
HEAD is now at e5099a8 Update to v3.000003.
  2 sanoid                           (Build Files Exist)
  1 perl-config-inifiles             (Build Files Exist)
==> Diffs to show?
==> [N]one [A]ll [Ab]ort [I]nstalled [No]tInstalled or (1 2 3, 1-3, ^4)
==> n
==> Making package: sanoid 2.3.0-2 (Tue 23 Dec 2025 07:44:51 PM EST)
==> Retrieving sources...
  -> Downloading sanoid-2.3.0.tar.gz...
  % Total    % Received % Xferd  Average Speed   Time    Time     Time  Current
                                 Dload  Upload   Total   Spent    Left  Speed
  0     0   0     0   0     0     0     0  --:--:-- --:--:-- --:--:--     0
100 86514   0 86514   0     0 274827     0  --:--:-- --:--:-- --:--:-- 274827
==> WARNING: Skipping verification of source file PGP signatures.
==> Validating source files with sha256sums...
    sanoid-2.3.0.tar.gz ... Passed
==> Making package: perl-config-inifiles 3.000003-1 (Tue 23 Dec 2025 07:44:52 PM EST)
==> Retrieving sources...
  -> Downloading Config-IniFiles-3.000003.tar.gz...
  % Total    % Received % Xferd  Average Speed   Time    Time     Time  Current
                                 Dload  Upload   Total   Spent    Left  Speed
100     5 100     5   0     0    32     0  --:--:-- --:--:-- --:--:--    33
100 70024 100 70024   0     0 260332     0  --:--:-- --:--:-- --:--:-- 260332
==> WARNING: Skipping verification of source file PGP signatures.
==> Validating source files with md5sums...
    Config-IniFiles-3.000003.tar.gz ... Passed
:: Remove make dependencies after install? [y/N] y
:: (1/2) Parsing SRCINFO: sanoid
:: (2/2) Parsing SRCINFO: perl-config-inifiles
[sudo] password for q5: 
resolving dependencies...
looking for conflicting packages...

Package (6)                   New Version  Net Change  Download Size

extra/perl-exporter-tiny      1.006002-6     0.03 MiB       0.02 MiB
extra/perl-inc-latest         0.500-15       0.02 MiB       0.01 MiB
extra/perl-list-moreutils-xs  0.430-7        0.55 MiB       0.19 MiB
extra/perl-io-stringy         2.113-2        0.09 MiB       0.04 MiB
extra/perl-list-moreutils     0.430-8        0.07 MiB       0.03 MiB
extra/perl-module-build       0.4234-6       0.36 MiB       0.15 MiB

Total Download Size:   0.45 MiB
Total Installed Size:  1.12 MiB

:: Proceed with installation? [Y/n] y
:: Retrieving packages...
 perl-list-moreutils-0.430-8-any                                                      35.4 KiB  94.8 KiB/s 00:00 [--------------------------------------------------------------------] 100%
 perl-exporter-tiny-1.006002-6-any                                                    25.4 KiB  54.5 KiB/s 00:00 [--------------------------------------------------------------------] 100%
 perl-io-stringy-2.113-2-any                                                          43.2 KiB  91.9 KiB/s 00:00 [--------------------------------------------------------------------] 100%
 perl-list-moreutils-xs-0.430-7-x86_64                                               192.1 KiB   326 KiB/s 00:01 [--------------------------------------------------------------------] 100%
 perl-module-build-0.4234-6-any                                                      155.7 KiB   264 KiB/s 00:01 [--------------------------------------------------------------------] 100%
 perl-inc-latest-0.500-15-any                                                         11.5 KiB  88.7 KiB/s 00:00 [--------------------------------------------------------------------] 100%
 Total (6/6)                                                                         463.3 KiB   554 KiB/s 00:01 [--------------------------------------------------------------------] 100%
(6/6) checking keys in keyring                                                                                   [--------------------------------------------------------------------] 100%
(6/6) checking package integrity                                                                                 [--------------------------------------------------------------------] 100%
(6/6) loading package files                                                                                      [--------------------------------------------------------------------] 100%
(6/6) checking for file conflicts                                                                                [--------------------------------------------------------------------] 100%
:: Processing package changes...
(1/6) installing perl-io-stringy                                                                                 [--------------------------------------------------------------------] 100%
(2/6) installing perl-inc-latest                                                                                 [--------------------------------------------------------------------] 100%
(3/6) installing perl-module-build                                                                               [--------------------------------------------------------------------] 100%
(4/6) installing perl-exporter-tiny                                                                              [--------------------------------------------------------------------] 100%
(5/6) installing perl-list-moreutils-xs                                                                          [--------------------------------------------------------------------] 100%
(6/6) installing perl-list-moreutils                                                                             [--------------------------------------------------------------------] 100%
:: Running post-transaction hooks...
(1/2) Arming ConditionNeedsUpdate...
(2/2) Checking for old perl modules...
resolving dependencies...
looking for conflicting packages...

Package (1)              New Version  Net Change  Download Size

extra/perl-capture-tiny  0.50-4         0.03 MiB       0.02 MiB

Total Download Size:   0.02 MiB
Total Installed Size:  0.03 MiB

:: Proceed with installation? [Y/n] y
:: Retrieving packages...
 perl-capture-tiny-0.50-4-any                                                         17.7 KiB  49.6 KiB/s 00:00 [--------------------------------------------------------------------] 100%
(1/1) checking keys in keyring                                                                                   [--------------------------------------------------------------------] 100%
(1/1) checking package integrity                                                                                 [--------------------------------------------------------------------] 100%
(1/1) loading package files                                                                                      [--------------------------------------------------------------------] 100%
(1/1) checking for file conflicts                                                                                [--------------------------------------------------------------------] 100%
:: Processing package changes...
(1/1) installing perl-capture-tiny                                                                               [--------------------------------------------------------------------] 100%
:: Running post-transaction hooks...
(1/1) Arming ConditionNeedsUpdate...
==> Making package: perl-config-inifiles 3.000003-1 (Tue 23 Dec 2025 07:45:04 PM EST)
==> Checking runtime dependencies...
==> Checking buildtime dependencies...
==> Retrieving sources...
  -> Found Config-IniFiles-3.000003.tar.gz
==> Validating source files with md5sums...
    Config-IniFiles-3.000003.tar.gz ... Passed
==> Removing existing $srcdir/ directory...
==> Extracting sources...
  -> Extracting Config-IniFiles-3.000003.tar.gz with bsdtar
==> Sources are ready.
==> Making package: perl-config-inifiles 3.000003-1 (Tue 23 Dec 2025 07:45:06 PM EST)
==> Checking runtime dependencies...
==> Checking buildtime dependencies...
==> WARNING: Using existing $srcdir/ tree
==> Starting build()...
Created MYMETA.yml and MYMETA.json
Creating new 'Build' script for 'Config-IniFiles' version '3.000003'
Building Config-IniFiles
==> Starting check()...
t/00-compile.t ................................ ok   
t/00load.t .................................... ok     
t/01basic.t ................................... ok     
t/02weird.t ................................... ok   
t/03comments.t ................................ ok     
t/04import.t .................................. ok     
t/05hash.t .................................... ok     
t/06oo.t ...................................... ok     
t/07misc.t .................................... ok   
t/08group.t ................................... ok   
t/09case.t .................................... ok     
t/10delta.t ................................... ok   
t/11copy-ties-with-array-vals.t ............... ok   
t/12open-empty-file.t ......................... ok   
t/13val-in-list-context.t ..................... ok   
t/14brackets-within-values.t .................. ok   
t/15store-and-retrieve-here-doc-terminator.t .. ok   
t/16case-sensitive-default.t .................. ok   
t/17untainted-multiline-values.t .............. ok   
t/18non-contiguous-groups.t ................... ok   
t/19param-found-outside-section.t ............. ok   
t/20allowedcommentchars.t ..................... ok   
t/22trailing-comment-lines.t .................. ok   
t/23scalar-ref.t .............................. ok   
t/24case-sensitive-exists.t ................... ok   
t/25line-endings.t ............................ ok     
t/26scalar-filehandle.t ....................... ok   
t/27empty-ini.t ............................... ok   
t/28nomultiline.t ............................. ok   
t/29end-of-line-comment.t ..................... ok   
t/30parameters-with-empty-values.t ............ ok   
t/31comments_with_spaces.t .................... ok   
t/32mswin-outputs-contain-crs.t ............... skipped: Test is only relevant for Microsoft Windows
t/33update-using-tied-fh-w-shorter-names.t .... untie attempted while 1 inner references still exist at t/33update-using-tied-fh-w-shorter-names.t line 52.
t/33update-using-tied-fh-w-shorter-names.t .... ok   
t/34trailing-comments-double-delimeter.t ...... ok   
t/35reload-config-no-file.t ................... ok   
t/35section-iterators.t ....................... ok   
t/36php-compat.t .............................. ok   
t/37here-doc-no-end-marker.t .................. ok   
All tests successful.
Files=39, Tests=205,  3 wallclock secs ( 0.10 usr  0.10 sys +  1.90 cusr  0.35 csys =  2.45 CPU)
Result: PASS
==> Entering fakeroot environment...
==> Starting package()...
Building Config-IniFiles
Installing /home/q5/.cache/yay/perl-config-inifiles/pkg/perl-config-inifiles/usr/share/perl5/vendor_perl/Config/IniFiles.pm
Installing /home/q5/.cache/yay/perl-config-inifiles/pkg/perl-config-inifiles/usr/share/man/man3/Config::IniFiles.3pm
==> Tidying install...
  -> Removing libtool files...
  -> Removing static library files...
  -> Purging unwanted files...
  -> Removing empty directories...
  -> Stripping unneeded symbols from binaries and libraries...
  -> Compressing man and info pages...
==> Checking for packaging issues...
==> Creating package "perl-config-inifiles"...
  -> Generating .PKGINFO file...
  -> Generating .BUILDINFO file...
  -> Generating .MTREE file...
  -> Compressing package...
==> Leaving fakeroot environment.
==> Finished making: perl-config-inifiles 3.000003-1 (Tue 23 Dec 2025 07:45:10 PM EST)
==> Cleaning up...
loading packages...
resolving dependencies...
looking for conflicting packages...

Package (1)           New Version  Net Change

perl-config-inifiles  3.000003-1     0.10 MiB

Total Installed Size:  0.10 MiB

:: Proceed with installation? [Y/n] y
(1/1) checking keys in keyring                                                                                   [--------------------------------------------------------------------] 100%
(1/1) checking package integrity                                                                                 [--------------------------------------------------------------------] 100%
(1/1) loading package files                                                                                      [--------------------------------------------------------------------] 100%
(1/1) checking for file conflicts                                                                                [--------------------------------------------------------------------] 100%
:: Processing package changes...
(1/1) installing perl-config-inifiles                                                                            [--------------------------------------------------------------------] 100%
:: Running post-transaction hooks...
(1/1) Arming ConditionNeedsUpdate...
==> Making package: sanoid 2.3.0-2 (Tue 23 Dec 2025 07:45:15 PM EST)
==> Checking runtime dependencies...
==> Checking buildtime dependencies...
==> Retrieving sources...
  -> Found sanoid-2.3.0.tar.gz
==> Validating source files with sha256sums...
    sanoid-2.3.0.tar.gz ... Passed
==> Removing existing $srcdir/ directory...
==> Extracting sources...
  -> Extracting sanoid-2.3.0.tar.gz with bsdtar
==> Starting prepare()...
==> Sources are ready.
==> Making package: sanoid 2.3.0-2 (Tue 23 Dec 2025 07:45:17 PM EST)
==> Checking runtime dependencies...
==> Checking buildtime dependencies...
==> WARNING: Using existing $srcdir/ tree
==> Entering fakeroot environment...
==> Starting package()...
==> Tidying install...
  -> Removing libtool files...
  -> Removing static library files...
  -> Purging unwanted files...
  -> Stripping unneeded symbols from binaries and libraries...
  -> Compressing man and info pages...
==> Checking for packaging issues...
==> Creating package "sanoid"...
  -> Generating .PKGINFO file...
  -> Generating .BUILDINFO file...
  -> Generating .MTREE file...
  -> Compressing package...
==> Leaving fakeroot environment.
==> Finished making: sanoid 2.3.0-2 (Tue 23 Dec 2025 07:45:18 PM EST)
==> Cleaning up...
loading packages...
resolving dependencies...
looking for conflicting packages...

Package (1)  New Version  Net Change

sanoid       2.3.0-2        0.21 MiB

Total Installed Size:  0.21 MiB

:: Proceed with installation? [Y/n] y
(1/1) checking keys in keyring                                                                                   [--------------------------------------------------------------------] 100%
(1/1) checking package integrity                                                                                 [--------------------------------------------------------------------] 100%
(1/1) loading package files                                                                                      [--------------------------------------------------------------------] 100%
(1/1) checking for file conflicts                                                                                [--------------------------------------------------------------------] 100%
:: Processing package changes...
(1/1) installing sanoid                                                                                          [--------------------------------------------------------------------] 100%
Optional dependencies for sanoid
    pv: progress bars
    mbuffer: stream buffering
    gzip: compression [installed]
    pigz: compression
    zstd: compression [installed]
    lz4: compression [installed]
    xz: compression [installed]
    lzop: compression
    busybox: insecure direct connection
:: Running post-transaction hooks...
(1/2) Reloading system manager configuration...
(2/2) Arming ConditionNeedsUpdate...
checking dependencies...

Package (2)        Old Version  Net Change

perl-inc-latest    0.500-15      -0.02 MiB
perl-module-build  0.4234-6      -0.36 MiB

Total Removed Size:  0.37 MiB

:: Do you want to remove these packages? [Y/n] 
:: Processing package changes...
(1/2) removing perl-module-build                                                                                 [--------------------------------------------------------------------] 100%
(2/2) removing perl-inc-latest                                                                                   [--------------------------------------------------------------------] 100%
:: Running post-transaction hooks...
(1/1) Arming ConditionNeedsUpdate...
[q5@arch-webzfs-test ~]$ git clone https://github.com/webzfs/webzfs
Cloning into 'webzfs'...
remote: Enumerating objects: 240, done.
remote: Counting objects: 100% (240/240), done.
remote: Compressing objects: 100% (175/175), done.
remote: Total 240 (delta 67), reused 222 (delta 59), pack-reused 0 (from 0)
Receiving objects: 100% (240/240), 2.91 MiB | 31.68 MiB/s, done.
Resolving deltas: 100% (67/67), done.
[q5@arch-webzfs-test ~]$ cd webzfs/
[q5@arch-webzfs-test webzfs]$ sudo chmod +x install_linux.sh 
[q5@arch-webzfs-test webzfs]$ sudo ./install_linux.sh 
========================================
WebZFS Installation Script for Linux
========================================

Checking prerequisites...
✓ Python 3.13 found (python3.13)
✓ Node.js v25.2.1 found
✓ npm 11.6.4 found
✓ make found
✓ libsodium found

Creating system user 'webzfs'...
✓ User 'webzfs' created
Configuring PAM authentication permissions...
✓ Created 'shadow' group
✓ Added 'webzfs' to 'shadow' group
✓ PAM authentication configured
Copying application files from /home/q5/webzfs to /opt/webzfs...
✓ Application files copied

Installing Python and Node.js dependencies as webzfs...
(This may take a few minutes...)

Creating Python virtual environment...
Activating virtual environment...
Upgrading pip...
Installing Python dependencies...
Installing Node.js dependencies...
Building static assets...
Creating .env configuration file...
Generated new SECRET_KEY
Dependencies installed successfully!

✓ Python dependencies installed
✓ Node.js dependencies installed
✓ Static assets built
✓ Configuration file created

Configuring sudo permissions...
✓ Sudo permissions configured

Creating systemd service file...
✓ Systemd service file created

Do you want to enable WebZFS to start on boot? (y/n): y
Created symlink '/etc/systemd/system/multi-user.target.wants/webzfs.service' → '/etc/systemd/system/webzfs.service'.
✓ WebZFS service enabled

Do you want to start WebZFS now? (y/n): y
✓ WebZFS service started

Check service status with: sudo systemctl status webzfs

========================================
Installation Complete!
========================================

WebZFS has been installed to: /opt/webzfs
Application runs as user: webzfs

To start the application manually:
  sudo -u webzfs /opt/webzfs/run.sh

To manage the service:
  sudo systemctl start webzfs
  sudo systemctl stop webzfs
  sudo systemctl restart webzfs
  sudo systemctl status webzfs

To access the web interface:
  http://localhost:26619

For more information, see: /opt/webzfs/BUILD_AND_RUN.md

[q5@arch-webzfs-test webzfs]$ systemctl status webzfs
● webzfs.service - WebZFS Web Management Interface
     Loaded: loaded (/etc/systemd/system/webzfs.service; enabled; preset: disabled)
     Active: active (running) since Tue 2025-12-23 19:52:09 EST; 26s ago
 Invocation: 38428e960e5745e886aa483218944711
   Main PID: 41035 (gunicorn)
     Status: "Gunicorn arbiter booted"
      Tasks: 3 (limit: 9362)
     Memory: 116.8M (peak: 116.8M)
        CPU: 1.777s
     CGroup: /system.slice/webzfs.service
             ├─41035 /opt/webzfs/.venv/bin/python3.13 /opt/webzfs/.venv/bin/gunicorn -c config/gunicorn.conf.py
             ├─41036 /opt/webzfs/.venv/bin/python3.13 /opt/webzfs/.venv/bin/gunicorn -c config/gunicorn.conf.py
             └─41041 /opt/webzfs/.venv/bin/python3.13 /opt/webzfs/.venv/bin/gunicorn -c config/gunicorn.conf.py

Dec 23 19:52:09 arch-webzfs-test gunicorn[41035]: [2025-12-23 19:52:09 -0500] [41035] [INFO] Using worker: uvicorn.workers.UvicornWorker
Dec 23 19:52:09 arch-webzfs-test systemd[1]: Started WebZFS Web Management Interface.
Dec 23 19:52:09 arch-webzfs-test gunicorn[41036]: [2025-12-23 19:52:09 -0500] [41036] [INFO] Booting worker with pid: 41036
Dec 23 19:52:09 arch-webzfs-test gunicorn[41041]: [2025-12-23 19:52:09 -0500] [41041] [INFO] Booting worker with pid: 41041
Dec 23 19:52:10 arch-webzfs-test gunicorn[41041]: [2025-12-23 19:52:10 -0500] [41041] [INFO] Started server process [41041]
Dec 23 19:52:10 arch-webzfs-test gunicorn[41041]: [2025-12-23 19:52:10 -0500] [41041] [INFO] Waiting for application startup.
Dec 23 19:52:10 arch-webzfs-test gunicorn[41041]: [2025-12-23 19:52:10 -0500] [41041] [INFO] Application startup complete.
Dec 23 19:52:10 arch-webzfs-test gunicorn[41036]: [2025-12-23 19:52:10 -0500] [41036] [INFO] Started server process [41036]
Dec 23 19:52:10 arch-webzfs-test gunicorn[41036]: [2025-12-23 19:52:10 -0500] [41036] [INFO] Waiting for application startup.
Dec 23 19:52:10 arch-webzfs-test gunicorn[41036]: [2025-12-23 19:52:10 -0500] [41036] [INFO] Application startup complete.
[q5@arch-webzfs-test webzfs]$ uname -a
Linux arch-webzfs-test 6.17.8-arch1-1 #1 SMP PREEMPT_DYNAMIC Fri, 14 Nov 2025 06:54:20 +0000 x86_64 GNU/Linux
[q5@arch-webzfs-test webzfs]$ 


